2020-02-17 10:54:16,064:DEBUG:index.py:Index - LogIn Success
2020-02-17 10:54:19,091:DEBUG:index.py:Index - LogIn Success
2020-02-17 10:54:22,975:DEBUG:index.py:Index - LogIn Success
2020-02-17 10:54:24,932:DEBUG:index.py: current user: test & group: Analysts
2020-02-17 10:54:24,933:DEBUG:index.py:Other objects returned
2020-02-17 10:54:24,938:DEBUG:predicates.py:Testing is_group_member:Analysts
2020-02-17 10:54:24,939:DEBUG:predicates.py:  is_group_member:Analysts = True
2020-02-17 10:56:05,417:DEBUG:index.py:Index - LogIn Success
2020-02-17 10:56:07,345:DEBUG:index.py: current user: test & group: Analysts
2020-02-17 10:56:07,346:DEBUG:index.py:Other objects returned
2020-02-17 10:56:07,352:DEBUG:predicates.py:Testing is_group_member:Analysts
2020-02-17 10:56:07,354:DEBUG:predicates.py:  is_group_member:Analysts = True
2020-02-17 10:57:42,786:DEBUG:index.py:Index - LogIn Success
2020-02-17 10:57:46,305:DEBUG:index.py: current user: muzamir & group: Supervisors
2020-02-17 10:57:46,305:DEBUG:index.py:Supervisor object returned
2020-02-17 10:57:50,857:DEBUG:index.py: current user: muzamir & group: Supervisors
2020-02-17 10:57:50,858:DEBUG:index.py:Supervisor object returned
2020-02-17 10:59:15,256:INFO:autoreload.py:/home/muzamir/Desktop/portfolio/bugtracker/bug/constants.py changed, reloading.
2020-02-17 10:59:15,765:DEBUG:index.py:Index - LogIn Success
2020-02-17 11:01:04,469:INFO:autoreload.py:/home/muzamir/Desktop/portfolio/bugtracker/bug/models.py changed, reloading.
2020-02-17 11:01:04,991:DEBUG:index.py:Index - LogIn Success
2020-02-17 11:02:23,419:INFO:autoreload.py:/home/muzamir/Desktop/portfolio/bugtracker/bug/models.py changed, reloading.
2020-02-17 11:02:23,883:DEBUG:index.py:Index - LogIn Success
2020-02-17 11:02:52,194:INFO:autoreload.py:/home/muzamir/Desktop/portfolio/bugtracker/bug/forms.py changed, reloading.
2020-02-17 11:02:52,714:DEBUG:index.py:Index - LogIn Success
2020-02-17 11:02:57,135:DEBUG:index.py:Index - LogIn Success
2020-02-17 11:03:01,048:DEBUG:index.py:Index - LogIn Success
2020-02-17 11:03:04,896:DEBUG:index.py:Index - LogIn Success
2020-02-17 11:03:06,874:DEBUG:index.py: current user: test & group: Analysts
2020-02-17 11:03:06,875:DEBUG:index.py:Other objects returned
2020-02-17 11:03:06,881:DEBUG:predicates.py:Testing is_group_member:Analysts
2020-02-17 11:03:06,882:DEBUG:predicates.py:  is_group_member:Analysts = True
2020-02-17 11:03:12,268:DEBUG:index.py:Index - LogIn Success
2020-02-17 11:04:39,536:DEBUG:index.py: current user: muzamir & group: Supervisors
2020-02-17 11:04:39,536:DEBUG:index.py:Supervisor object returned
2020-02-17 11:04:44,916:WARNING:log.py:Not Found: /favicon.ico
2020-02-17 11:36:28,494:DEBUG:index.py:Index - LogIn Success
2020-02-17 11:36:30,429:DEBUG:index.py: current user: test & group: Analysts
2020-02-17 11:36:30,430:DEBUG:index.py:Other objects returned
2020-02-17 11:36:30,435:DEBUG:predicates.py:Testing is_group_member:Analysts
2020-02-17 11:36:30,436:DEBUG:predicates.py:  is_group_member:Analysts = True
2020-02-17 12:20:55,382:DEBUG:index.py:Index - LogIn Success
2020-02-17 12:20:57,336:DEBUG:index.py: current user: test & group: Analysts
2020-02-17 12:20:57,337:DEBUG:index.py:Other objects returned
2020-02-17 12:20:57,341:DEBUG:predicates.py:Testing is_group_member:Analysts
2020-02-17 12:20:57,342:DEBUG:predicates.py:  is_group_member:Analysts = True
2020-02-17 13:09:38,600:DEBUG:index.py:Index - LogIn Success
2020-02-17 13:09:40,746:DEBUG:index.py: current user: test & group: Analysts
2020-02-17 13:09:40,746:DEBUG:index.py:Other objects returned
2020-02-17 13:09:40,751:DEBUG:predicates.py:Testing is_group_member:Analysts
2020-02-17 13:09:40,752:DEBUG:predicates.py:  is_group_member:Analysts = True
